app/build/intermediates/manifest_merge_blame_file/debug/manifest-merger-blame-debug-report.txt
1<?xml version="1.0" encoding="utf-8"?>
2<manifest xmlns:android="http://schemas.android.com/apk/res/android"
3    package="com.mik.mikmanager"
4    android:versionCode="1"
5    android:versionName="1.0" >
6
7    <uses-sdk
8        android:minSdkVersion="29"
8-->src/main/AndroidManifest.xml
9        android:targetSdkVersion="31" />
9-->src/main/AndroidManifest.xml
10
11    <uses-permission android:name="android.permission.WRITE_EXTERNAL_STORAGE" />
11-->src/main/AndroidManifest.xml:4:5-81
11-->src/main/AndroidManifest.xml:4:22-78
12    <uses-permission android:name="android.permission.READ_EXTERNAL_STORAGE" />
12-->src/main/AndroidManifest.xml:5:5-80
12-->src/main/AndroidManifest.xml:5:22-77
13
14    <application
14-->src/main/AndroidManifest.xml:6:5-34:19
15        android:allowBackup="true"
15-->src/main/AndroidManifest.xml:7:9-35
16        android:appComponentFactory="androidx.core.app.CoreComponentFactory"
16-->[androidx.core:core:1.1.0] AndroidManifest.xml:24:18-86
17        android:debuggable="true"
17-->src/main/AndroidManifest.xml:12:9-34
18        android:extractNativeLibs="false"
19        android:icon="@mipmap/ic_launcher"
19-->src/main/AndroidManifest.xml:8:9-43
20        android:label="@string/app_name"
20-->src/main/AndroidManifest.xml:9:9-41
21        android:requestLegacyExternalStorage="true"
21-->src/main/AndroidManifest.xml:14:9-52
22        android:roundIcon="@mipmap/ic_launcher"
22-->src/main/AndroidManifest.xml:10:9-48
23        android:supportsRtl="true"
23-->src/main/AndroidManifest.xml:11:9-35
24        android:testOnly="true"
25        android:theme="@style/Theme.MikManager" >
25-->src/main/AndroidManifest.xml:13:9-48
26        <activity
26-->src/main/AndroidManifest.xml:15:9-17:39
27            android:name="com.mik.mikmanager.SettingActivity"
27-->src/main/AndroidManifest.xml:16:13-44
28            android:exported="true" />
28-->src/main/AndroidManifest.xml:17:13-36
29        <activity
29-->src/main/AndroidManifest.xml:18:9-20:67
30            android:name="com.mik.mikmanager.EditPackageActivity"
30-->src/main/AndroidManifest.xml:19:13-48
31            android:theme="@style/Theme.MikManager.NoActionBar" />
31-->src/main/AndroidManifest.xml:20:13-64
32        <activity
32-->src/main/AndroidManifest.xml:21:9-23:67
33            android:name="com.mik.mikmanager.AppsActivity"
33-->src/main/AndroidManifest.xml:22:13-41
34            android:theme="@style/Theme.MikManager.NoActionBar" />
34-->src/main/AndroidManifest.xml:23:13-64
35        <activity
35-->src/main/AndroidManifest.xml:24:9-33:20
36            android:name="com.mik.mikmanager.MainActivity"
36-->src/main/AndroidManifest.xml:25:13-41
37            android:label="@string/app_name"
37-->src/main/AndroidManifest.xml:26:13-45
38            android:theme="@style/Theme.MikManager.NoActionBar" >
38-->src/main/AndroidManifest.xml:27:13-64
39            <intent-filter>
39-->src/main/AndroidManifest.xml:28:13-32:29
40                <action android:name="android.intent.action.MAIN" />
40-->src/main/AndroidManifest.xml:29:17-69
40-->src/main/AndroidManifest.xml:29:25-66
41
42                <category android:name="android.intent.category.LAUNCHER" />
42-->src/main/AndroidManifest.xml:31:17-77
42-->src/main/AndroidManifest.xml:31:27-74
43            </intent-filter>
44        </activity>
45    </application>
46
47</manifest>